SF:lib/bloc/authentication/signup/google_signup_state.dart
DA:10,0
DA:16,1
DA:23,2
DA:24,0
DA:25,0
DA:26,0
DA:28,0
LF:7
LH:2
end_of_record
SF:lib/bloc/authentication/signup/google_signup_bloc.dart
DA:9,1
DA:11,1
DA:12,2
DA:13,1
DA:14,0
DA:15,0
DA:19,0
DA:20,0
DA:24,0
DA:25,0
DA:26,0
DA:27,0
DA:29,0
DA:32,0
LF:14
LH:4
end_of_record
SF:lib/features/signup/signup_screen.dart
DA:13,1
DA:15,1
DA:17,1
DA:18,2
DA:25,1
DA:27,1
DA:29,1
DA:32,1
DA:60,1
DA:62,1
DA:64,1
DA:65,0
DA:68,0
DA:69,0
DA:74,1
DA:76,1
DA:78,1
DA:79,1
DA:80,1
DA:82,0
DA:83,1
DA:86,0
DA:87,0
DA:88,0
DA:89,0
DA:90,0
DA:96,0
DA:97,0
DA:100,0
DA:101,0
DA:102,0
DA:105,0
DA:106,0
DA:108,0
DA:110,0
DA:111,0
DA:112,0
DA:120,1
DA:122,1
DA:124,1
DA:125,1
DA:126,1
DA:127,1
DA:128,1
DA:129,1
DA:134,1
DA:139,1
DA:149,1
DA:152,0
DA:153,0
DA:156,0
DA:157,1
DA:160,0
DA:161,0
DA:164,0
DA:165,0
DA:168,0
DA:170,0
DA:173,0
DA:174,0
DA:177,0
DA:178,0
DA:181,0
DA:182,0
DA:185,0
DA:186,0
DA:189,0
DA:191,1
DA:193,1
DA:194,1
DA:195,1
DA:204,1
DA:205,1
DA:207,1
DA:209,1
DA:211,1
DA:212,3
DA:213,1
DA:227,0
DA:233,0
DA:235,0
DA:237,0
DA:238,0
DA:240,0
DA:243,0
DA:244,0
DA:245,0
DA:246,0
DA:247,0
DA:248,0
DA:249,0
DA:253,0
DA:254,0
DA:255,0
DA:256,0
DA:257,0
DA:267,1
DA:273,1
DA:274,0
DA:280,0
DA:282,1
DA:284,2
DA:285,0
DA:287,1
DA:290,0
DA:291,0
DA:292,0
DA:293,0
DA:294,0
DA:295,0
DA:296,0
DA:300,1
DA:301,1
DA:302,1
DA:303,1
DA:304,2
LF:116
LH:50
end_of_record
SF:lib/bloc/location/location_state.dart
DA:17,0
LF:1
LH:0
end_of_record
SF:lib/bloc/location/location_bloc.dart
DA:11,0
DA:12,0
DA:13,0
DA:14,0
DA:15,0
DA:16,0
DA:20,0
DA:22,0
DA:24,0
DA:26,0
DA:27,0
DA:28,0
DA:29,0
DA:30,0
DA:31,0
DA:32,0
LF:16
LH:0
end_of_record
SF:lib/features/home/home_screen.dart
DA:10,1
DA:12,0
DA:13,0
DA:14,0
DA:15,0
DA:16,0
DA:17,0
DA:18,0
DA:19,0
DA:20,0
DA:21,0
DA:24,0
DA:26,0
DA:27,0
DA:31,0
DA:32,0
DA:34,0
DA:36,0
DA:38,0
DA:40,0
DA:44,0
DA:45,0
DA:55,0
DA:56,0
LF:24
LH:1
end_of_record
